build/app/intermediates/manifest_merge_blame_file/debug/manifest-merger-blame-debug-report.txt
1<?xml version="1.0" encoding="utf-8"?>
2<manifest xmlns:android="http://schemas.android.com/apk/res/android"
3    package="com.example.oyo"
4    android:versionCode="1"
5    android:versionName="1.0.0" >
6
7    <uses-sdk
8        android:minSdkVersion="19"
9        android:targetSdkVersion="31" />
10    <!--
11         Flutter needs it to communicate with the running application
12         to allow setting breakpoints, to provide hot reload, etc.
13    -->
14    <uses-permission android:name="android.permission.INTERNET" />
14-->src\debug\AndroidManifest.xml:6:5-66
14-->src\debug\AndroidManifest.xml:6:22-64
15    <uses-permission android:name="android.permission.WAKE_LOCK" />
15-->[:firebase_messaging] AndroidManifest.xml:8:5-68
15-->[:firebase_messaging] AndroidManifest.xml:8:22-65
16    <uses-permission android:name="android.permission.ACCESS_NETWORK_STATE" />
16-->[:firebase_messaging] AndroidManifest.xml:9:5-79
16-->[:firebase_messaging] AndroidManifest.xml:9:22-76
17    <uses-permission android:name="android.permission.RECEIVE_BOOT_COMPLETED" />
17-->[:flutter_local_notifications] AndroidManifest.xml:7:5-81
17-->[:flutter_local_notifications] AndroidManifest.xml:7:22-78
18    <uses-permission android:name="android.permission.VIBRATE" />
18-->[:flutter_local_notifications] AndroidManifest.xml:8:5-66
18-->[:flutter_local_notifications] AndroidManifest.xml:8:22-63
19    <uses-permission android:name="android.permission.USE_FULL_SCREEN_INTENT" /> <!-- Required by older versions of Google Play services to create IID tokens -->
19-->[:flutter_local_notifications] AndroidManifest.xml:9:5-81
19-->[:flutter_local_notifications] AndroidManifest.xml:9:22-78
20    <uses-permission android:name="com.google.android.c2dm.permission.RECEIVE" />
20-->[com.google.firebase:firebase-messaging:23.0.4] AndroidManifest.xml:28:5-82
20-->[com.google.firebase:firebase-messaging:23.0.4] AndroidManifest.xml:28:22-79
21
22    <application
23        android:name="android.app.Application"
24        android:appComponentFactory="androidx.core.app.CoreComponentFactory"
24-->[androidx.core:core:1.6.0] AndroidManifest.xml:24:18-86
25        android:debuggable="true"
26        android:icon="@mipmap/ic_launcher"
27        android:label="oyo" >
28        <activity
29            android:name="com.example.oyo.MainActivity"
30            android:configChanges="orientation|keyboardHidden|keyboard|screenSize|smallestScreenSize|locale|layoutDirection|fontScale|screenLayout|density|uiMode"
31            android:exported="true"
32            android:hardwareAccelerated="true"
33            android:launchMode="singleTop"
34            android:theme="@style/LaunchTheme"
35            android:windowSoftInputMode="adjustResize" >
36
37            <!--
38                 Specifies an Android theme to apply to this Activity as soon as
39                 the Android process has started. This theme is visible to the user
40                 while the Flutter UI initializes. After that, this theme continues
41                 to determine the Window background behind the Flutter UI.
42            -->
43            <meta-data
44                android:name="io.flutter.embedding.android.NormalTheme"
45                android:resource="@style/NormalTheme" />
46
47            <intent-filter>
48                <action android:name="android.intent.action.MAIN" />
49
50                <category android:name="android.intent.category.LAUNCHER" />
51            </intent-filter>
52        </activity>
53        <!--
54             Don't delete the meta-data below.
55             This is used by the Flutter tool to generate GeneratedPluginRegistrant.java
56        -->
57        <meta-data
58            android:name="flutterEmbedding"
59            android:value="2" />
60
61        <service
61-->[:firebase_auth] AndroidManifest.xml:8:9-12:19
62            android:name="com.google.firebase.components.ComponentDiscoveryService"
62-->[:firebase_auth] AndroidManifest.xml:8:18-89
63            android:directBootAware="true"
63-->[com.google.firebase:firebase-common:20.1.1] AndroidManifest.xml:35:13-43
64            android:exported="false" >
64-->[com.google.firebase:firebase-auth:21.0.3] AndroidManifest.xml:66:13-37
65            <meta-data
65-->[:firebase_auth] AndroidManifest.xml:9:13-11:85
66                android:name="com.google.firebase.components:io.flutter.plugins.firebase.auth.FlutterFirebaseAuthRegistrar"
66-->[:firebase_auth] AndroidManifest.xml:10:17-124
67                android:value="com.google.firebase.components.ComponentRegistrar" />
67-->[:firebase_auth] AndroidManifest.xml:11:17-82
68            <meta-data
68-->[:firebase_messaging] AndroidManifest.xml:34:13-36:85
69                android:name="com.google.firebase.components:io.flutter.plugins.firebase.messaging.FlutterFirebaseAppRegistrar"
69-->[:firebase_messaging] AndroidManifest.xml:35:17-128
70                android:value="com.google.firebase.components.ComponentRegistrar" />
70-->[:firebase_messaging] AndroidManifest.xml:36:17-82
71            <meta-data
71-->[:firebase_core] AndroidManifest.xml:9:13-11:85
72                android:name="com.google.firebase.components:io.flutter.plugins.firebase.core.FlutterFirebaseCoreRegistrar"
72-->[:firebase_core] AndroidManifest.xml:10:17-124
73                android:value="com.google.firebase.components.ComponentRegistrar" />
73-->[:firebase_core] AndroidManifest.xml:11:17-82
74            <meta-data
74-->[com.google.firebase:firebase-auth:21.0.3] AndroidManifest.xml:67:13-69:85
75                android:name="com.google.firebase.components:com.google.firebase.auth.FirebaseAuthRegistrar"
75-->[com.google.firebase:firebase-auth:21.0.3] AndroidManifest.xml:68:17-109
76                android:value="com.google.firebase.components.ComponentRegistrar" />
76-->[com.google.firebase:firebase-auth:21.0.3] AndroidManifest.xml:69:17-82
77            <meta-data
77-->[com.google.firebase:firebase-messaging:23.0.4] AndroidManifest.xml:55:13-57:85
78                android:name="com.google.firebase.components:com.google.firebase.messaging.FirebaseMessagingRegistrar"
78-->[com.google.firebase:firebase-messaging:23.0.4] AndroidManifest.xml:56:17-119
79                android:value="com.google.firebase.components.ComponentRegistrar" />
79-->[com.google.firebase:firebase-messaging:23.0.4] AndroidManifest.xml:57:17-82
80            <meta-data
80-->[com.google.firebase:firebase-datatransport:18.1.3] AndroidManifest.xml:28:13-30:85
81                android:name="com.google.firebase.components:com.google.firebase.datatransport.TransportRegistrar"
81-->[com.google.firebase:firebase-datatransport:18.1.3] AndroidManifest.xml:29:17-115
82                android:value="com.google.firebase.components.ComponentRegistrar" />
82-->[com.google.firebase:firebase-datatransport:18.1.3] AndroidManifest.xml:30:17-82
83            <meta-data
83-->[com.google.firebase:firebase-installations:17.0.1] AndroidManifest.xml:18:13-20:85
84                android:name="com.google.firebase.components:com.google.firebase.installations.FirebaseInstallationsRegistrar"
84-->[com.google.firebase:firebase-installations:17.0.1] AndroidManifest.xml:19:17-127
85                android:value="com.google.firebase.components.ComponentRegistrar" />
85-->[com.google.firebase:firebase-installations:17.0.1] AndroidManifest.xml:20:17-82
86        </service>
87        <service
87-->[:firebase_messaging] AndroidManifest.xml:12:9-15:72
88            android:name="io.flutter.plugins.firebase.messaging.FlutterFirebaseMessagingBackgroundService"
88-->[:firebase_messaging] AndroidManifest.xml:13:13-107
89            android:exported="false"
89-->[:firebase_messaging] AndroidManifest.xml:14:13-37
90            android:permission="android.permission.BIND_JOB_SERVICE" />
90-->[:firebase_messaging] AndroidManifest.xml:15:13-69
91        <service
91-->[:firebase_messaging] AndroidManifest.xml:16:9-22:19
92            android:name="io.flutter.plugins.firebase.messaging.FlutterFirebaseMessagingService"
92-->[:firebase_messaging] AndroidManifest.xml:17:13-97
93            android:exported="false" >
93-->[:firebase_messaging] AndroidManifest.xml:18:13-37
94            <intent-filter>
94-->[:firebase_messaging] AndroidManifest.xml:19:13-21:29
95                <action android:name="com.google.firebase.MESSAGING_EVENT" />
95-->[:firebase_messaging] AndroidManifest.xml:20:17-78
95-->[:firebase_messaging] AndroidManifest.xml:20:25-75
96            </intent-filter>
97        </service>
98
99        <receiver
99-->[:firebase_messaging] AndroidManifest.xml:24:9-31:20
100            android:name="io.flutter.plugins.firebase.messaging.FlutterFirebaseMessagingReceiver"
100-->[:firebase_messaging] AndroidManifest.xml:25:13-98
101            android:exported="true"
101-->[:firebase_messaging] AndroidManifest.xml:26:13-36
102            android:permission="com.google.android.c2dm.permission.SEND" >
102-->[:firebase_messaging] AndroidManifest.xml:27:13-73
103            <intent-filter>
103-->[:firebase_messaging] AndroidManifest.xml:28:13-30:29
104                <action android:name="com.google.android.c2dm.intent.RECEIVE" />
104-->[:firebase_messaging] AndroidManifest.xml:29:17-81
104-->[:firebase_messaging] AndroidManifest.xml:29:25-78
105            </intent-filter>
106        </receiver>
107
108        <provider
108-->[:firebase_messaging] AndroidManifest.xml:39:9-43:38
109            android:name="io.flutter.plugins.firebase.messaging.FlutterFirebaseMessagingInitProvider"
109-->[:firebase_messaging] AndroidManifest.xml:40:13-102
110            android:authorities="com.example.oyo.flutterfirebasemessaginginitprovider"
110-->[:firebase_messaging] AndroidManifest.xml:41:13-88
111            android:exported="false"
111-->[:firebase_messaging] AndroidManifest.xml:42:13-37
112            android:initOrder="99" />
112-->[:firebase_messaging] AndroidManifest.xml:43:13-35
113
114        <receiver android:name="com.dexterous.flutterlocalnotifications.ScheduledNotificationReceiver" />
114-->[:flutter_local_notifications] AndroidManifest.xml:12:9-106
114-->[:flutter_local_notifications] AndroidManifest.xml:12:19-103
115        <receiver android:name="com.dexterous.flutterlocalnotifications.ScheduledNotificationBootReceiver" >
115-->[:flutter_local_notifications] AndroidManifest.xml:13:9-20:20
115-->[:flutter_local_notifications] AndroidManifest.xml:13:19-107
116            <intent-filter>
116-->[:flutter_local_notifications] AndroidManifest.xml:14:13-19:29
117                <action android:name="android.intent.action.BOOT_COMPLETED" />
117-->[:flutter_local_notifications] AndroidManifest.xml:15:17-79
117-->[:flutter_local_notifications] AndroidManifest.xml:15:25-76
118                <action android:name="android.intent.action.MY_PACKAGE_REPLACED" />
118-->[:flutter_local_notifications] AndroidManifest.xml:16:17-84
118-->[:flutter_local_notifications] AndroidManifest.xml:16:25-81
119                <action android:name="android.intent.action.QUICKBOOT_POWERON" />
119-->[:flutter_local_notifications] AndroidManifest.xml:17:17-82
119-->[:flutter_local_notifications] AndroidManifest.xml:17:25-79
120                <action android:name="com.htc.intent.action.QUICKBOOT_POWERON" />
120-->[:flutter_local_notifications] AndroidManifest.xml:18:17-82
120-->[:flutter_local_notifications] AndroidManifest.xml:18:25-79
121            </intent-filter>
122        </receiver>
123
124        <uses-library
124-->[androidx.window:window:1.0.0-beta04] AndroidManifest.xml:25:9-27:40
125            android:name="androidx.window.extensions"
125-->[androidx.window:window:1.0.0-beta04] AndroidManifest.xml:26:13-54
126            android:required="false" />
126-->[androidx.window:window:1.0.0-beta04] AndroidManifest.xml:27:13-37
127        <uses-library
127-->[androidx.window:window:1.0.0-beta04] AndroidManifest.xml:28:9-30:40
128            android:name="androidx.window.sidecar"
128-->[androidx.window:window:1.0.0-beta04] AndroidManifest.xml:29:13-51
129            android:required="false" />
129-->[androidx.window:window:1.0.0-beta04] AndroidManifest.xml:30:13-37
130
131        <activity
131-->[com.google.firebase:firebase-auth:21.0.3] AndroidManifest.xml:27:9-44:20
132            android:name="com.google.firebase.auth.internal.GenericIdpActivity"
132-->[com.google.firebase:firebase-auth:21.0.3] AndroidManifest.xml:28:13-80
133            android:excludeFromRecents="true"
133-->[com.google.firebase:firebase-auth:21.0.3] AndroidManifest.xml:29:13-46
134            android:exported="true"
134-->[com.google.firebase:firebase-auth:21.0.3] AndroidManifest.xml:30:13-36
135            android:launchMode="singleTask"
135-->[com.google.firebase:firebase-auth:21.0.3] AndroidManifest.xml:31:13-44
136            android:theme="@android:style/Theme.Translucent.NoTitleBar" >
136-->[com.google.firebase:firebase-auth:21.0.3] AndroidManifest.xml:32:13-72
137            <intent-filter>
137-->[com.google.firebase:firebase-auth:21.0.3] AndroidManifest.xml:33:13-43:29
138                <action android:name="android.intent.action.VIEW" />
138-->[com.google.firebase:firebase-auth:21.0.3] AndroidManifest.xml:34:17-69
138-->[com.google.firebase:firebase-auth:21.0.3] AndroidManifest.xml:34:25-66
139
140                <category android:name="android.intent.category.DEFAULT" />
140-->[com.google.firebase:firebase-auth:21.0.3] AndroidManifest.xml:36:17-76
140-->[com.google.firebase:firebase-auth:21.0.3] AndroidManifest.xml:36:27-73
141                <category android:name="android.intent.category.BROWSABLE" />
141-->[com.google.firebase:firebase-auth:21.0.3] AndroidManifest.xml:37:17-78
141-->[com.google.firebase:firebase-auth:21.0.3] AndroidManifest.xml:37:27-75
142
143                <data
143-->[com.google.firebase:firebase-auth:21.0.3] AndroidManifest.xml:39:17-42:51
144                    android:host="firebase.auth"
144-->[com.google.firebase:firebase-auth:21.0.3] AndroidManifest.xml:40:21-49
145                    android:path="/"
145-->[com.google.firebase:firebase-auth:21.0.3] AndroidManifest.xml:41:21-37
146                    android:scheme="genericidp" />
146-->[com.google.firebase:firebase-auth:21.0.3] AndroidManifest.xml:42:21-48
147            </intent-filter>
148        </activity>
149        <activity
149-->[com.google.firebase:firebase-auth:21.0.3] AndroidManifest.xml:45:9-62:20
150            android:name="com.google.firebase.auth.internal.RecaptchaActivity"
150-->[com.google.firebase:firebase-auth:21.0.3] AndroidManifest.xml:46:13-79
151            android:excludeFromRecents="true"
151-->[com.google.firebase:firebase-auth:21.0.3] AndroidManifest.xml:47:13-46
152            android:exported="true"
152-->[com.google.firebase:firebase-auth:21.0.3] AndroidManifest.xml:48:13-36
153            android:launchMode="singleTask"
153-->[com.google.firebase:firebase-auth:21.0.3] AndroidManifest.xml:49:13-44
154            android:theme="@android:style/Theme.Translucent.NoTitleBar" >
154-->[com.google.firebase:firebase-auth:21.0.3] AndroidManifest.xml:50:13-72
155            <intent-filter>
155-->[com.google.firebase:firebase-auth:21.0.3] AndroidManifest.xml:51:13-61:29
156                <action android:name="android.intent.action.VIEW" />
156-->[com.google.firebase:firebase-auth:21.0.3] AndroidManifest.xml:34:17-69
156-->[com.google.firebase:firebase-auth:21.0.3] AndroidManifest.xml:34:25-66
157
158                <category android:name="android.intent.category.DEFAULT" />
158-->[com.google.firebase:firebase-auth:21.0.3] AndroidManifest.xml:36:17-76
158-->[com.google.firebase:firebase-auth:21.0.3] AndroidManifest.xml:36:27-73
159                <category android:name="android.intent.category.BROWSABLE" />
159-->[com.google.firebase:firebase-auth:21.0.3] AndroidManifest.xml:37:17-78
159-->[com.google.firebase:firebase-auth:21.0.3] AndroidManifest.xml:37:27-75
160
161                <data
161-->[com.google.firebase:firebase-auth:21.0.3] AndroidManifest.xml:39:17-42:51
162                    android:host="firebase.auth"
162-->[com.google.firebase:firebase-auth:21.0.3] AndroidManifest.xml:40:21-49
163                    android:path="/"
163-->[com.google.firebase:firebase-auth:21.0.3] AndroidManifest.xml:41:21-37
164                    android:scheme="recaptcha" />
164-->[com.google.firebase:firebase-auth:21.0.3] AndroidManifest.xml:42:21-48
165            </intent-filter>
166        </activity>
167
168        <receiver
168-->[com.google.firebase:firebase-messaging:23.0.4] AndroidManifest.xml:31:9-38:20
169            android:name="com.google.firebase.iid.FirebaseInstanceIdReceiver"
169-->[com.google.firebase:firebase-messaging:23.0.4] AndroidManifest.xml:32:13-78
170            android:exported="true"
170-->[com.google.firebase:firebase-messaging:23.0.4] AndroidManifest.xml:33:13-36
171            android:permission="com.google.android.c2dm.permission.SEND" >
171-->[com.google.firebase:firebase-messaging:23.0.4] AndroidManifest.xml:34:13-73
172            <intent-filter>
172-->[:firebase_messaging] AndroidManifest.xml:28:13-30:29
173                <action android:name="com.google.android.c2dm.intent.RECEIVE" />
173-->[:firebase_messaging] AndroidManifest.xml:29:17-81
173-->[:firebase_messaging] AndroidManifest.xml:29:25-78
174            </intent-filter>
175        </receiver>
176        <!--
177             FirebaseMessagingService performs security checks at runtime,
178             but set to not exported to explicitly avoid allowing another app to call it.
179        -->
180        <service
180-->[com.google.firebase:firebase-messaging:23.0.4] AndroidManifest.xml:44:9-51:19
181            android:name="com.google.firebase.messaging.FirebaseMessagingService"
181-->[com.google.firebase:firebase-messaging:23.0.4] AndroidManifest.xml:45:13-82
182            android:directBootAware="true"
182-->[com.google.firebase:firebase-messaging:23.0.4] AndroidManifest.xml:46:13-43
183            android:exported="false" >
183-->[com.google.firebase:firebase-messaging:23.0.4] AndroidManifest.xml:47:13-37
184            <intent-filter android:priority="-500" >
184-->[:firebase_messaging] AndroidManifest.xml:19:13-21:29
185                <action android:name="com.google.firebase.MESSAGING_EVENT" />
185-->[:firebase_messaging] AndroidManifest.xml:20:17-78
185-->[:firebase_messaging] AndroidManifest.xml:20:25-75
186            </intent-filter>
187        </service>
188
189        <provider
189-->[com.google.firebase:firebase-common:20.1.1] AndroidManifest.xml:26:9-31:39
190            android:name="com.google.firebase.provider.FirebaseInitProvider"
190-->[com.google.firebase:firebase-common:20.1.1] AndroidManifest.xml:27:13-77
191            android:authorities="com.example.oyo.firebaseinitprovider"
191-->[com.google.firebase:firebase-common:20.1.1] AndroidManifest.xml:28:13-72
192            android:directBootAware="true"
192-->[com.google.firebase:firebase-common:20.1.1] AndroidManifest.xml:29:13-43
193            android:exported="false"
193-->[com.google.firebase:firebase-common:20.1.1] AndroidManifest.xml:30:13-37
194            android:initOrder="100" />
194-->[com.google.firebase:firebase-common:20.1.1] AndroidManifest.xml:31:13-36
195
196        <activity
196-->[com.google.android.gms:play-services-auth:20.0.1] AndroidManifest.xml:23:9-27:75
197            android:name="com.google.android.gms.auth.api.signin.internal.SignInHubActivity"
197-->[com.google.android.gms:play-services-auth:20.0.1] AndroidManifest.xml:24:13-93
198            android:excludeFromRecents="true"
198-->[com.google.android.gms:play-services-auth:20.0.1] AndroidManifest.xml:25:13-46
199            android:exported="false"
199-->[com.google.android.gms:play-services-auth:20.0.1] AndroidManifest.xml:26:13-37
200            android:theme="@android:style/Theme.Translucent.NoTitleBar" />
200-->[com.google.android.gms:play-services-auth:20.0.1] AndroidManifest.xml:27:13-72
201        <!--
202            Service handling Google Sign-In user revocation. For apps that do not integrate with
203            Google Sign-In, this service will never be started.
204        -->
205        <service
205-->[com.google.android.gms:play-services-auth:20.0.1] AndroidManifest.xml:33:9-37:51
206            android:name="com.google.android.gms.auth.api.signin.RevocationBoundService"
206-->[com.google.android.gms:play-services-auth:20.0.1] AndroidManifest.xml:34:13-89
207            android:exported="true"
207-->[com.google.android.gms:play-services-auth:20.0.1] AndroidManifest.xml:35:13-36
208            android:permission="com.google.android.gms.auth.api.signin.permission.REVOCATION_NOTIFICATION"
208-->[com.google.android.gms:play-services-auth:20.0.1] AndroidManifest.xml:36:13-107
209            android:visibleToInstantApps="true" />
209-->[com.google.android.gms:play-services-auth:20.0.1] AndroidManifest.xml:37:13-48
210
211        <activity
211-->[com.google.android.gms:play-services-base:18.0.1] AndroidManifest.xml:20:9-22:45
212            android:name="com.google.android.gms.common.api.GoogleApiActivity"
212-->[com.google.android.gms:play-services-base:18.0.1] AndroidManifest.xml:20:19-85
213            android:exported="false"
213-->[com.google.android.gms:play-services-base:18.0.1] AndroidManifest.xml:22:19-43
214            android:theme="@android:style/Theme.Translucent.NoTitleBar" />
214-->[com.google.android.gms:play-services-base:18.0.1] AndroidManifest.xml:21:19-78
215
216        <meta-data
216-->[com.google.android.gms:play-services-basement:18.0.0] AndroidManifest.xml:21:9-23:69
217            android:name="com.google.android.gms.version"
217-->[com.google.android.gms:play-services-basement:18.0.0] AndroidManifest.xml:22:13-58
218            android:value="@integer/google_play_services_version" />
218-->[com.google.android.gms:play-services-basement:18.0.0] AndroidManifest.xml:23:13-66
219
220        <service
220-->[com.google.android.datatransport:transport-backend-cct:3.1.4] AndroidManifest.xml:29:9-35:19
221            android:name="com.google.android.datatransport.runtime.backends.TransportBackendDiscovery"
221-->[com.google.android.datatransport:transport-backend-cct:3.1.4] AndroidManifest.xml:30:13-103
222            android:exported="false" >
222-->[com.google.android.datatransport:transport-backend-cct:3.1.4] AndroidManifest.xml:31:13-37
223            <meta-data
223-->[com.google.android.datatransport:transport-backend-cct:3.1.4] AndroidManifest.xml:32:13-34:39
224                android:name="backend:com.google.android.datatransport.cct.CctBackendFactory"
224-->[com.google.android.datatransport:transport-backend-cct:3.1.4] AndroidManifest.xml:33:17-94
225                android:value="cct" />
225-->[com.google.android.datatransport:transport-backend-cct:3.1.4] AndroidManifest.xml:34:17-36
226        </service>
227        <service
227-->[com.google.android.datatransport:transport-runtime:3.1.4] AndroidManifest.xml:26:9-30:19
228            android:name="com.google.android.datatransport.runtime.scheduling.jobscheduling.JobInfoSchedulerService"
228-->[com.google.android.datatransport:transport-runtime:3.1.4] AndroidManifest.xml:27:13-117
229            android:exported="false"
229-->[com.google.android.datatransport:transport-runtime:3.1.4] AndroidManifest.xml:28:13-37
230            android:permission="android.permission.BIND_JOB_SERVICE" >
230-->[com.google.android.datatransport:transport-runtime:3.1.4] AndroidManifest.xml:29:13-69
231        </service>
232
233        <receiver
233-->[com.google.android.datatransport:transport-runtime:3.1.4] AndroidManifest.xml:32:9-34:40
234            android:name="com.google.android.datatransport.runtime.scheduling.jobscheduling.AlarmManagerSchedulerBroadcastReceiver"
234-->[com.google.android.datatransport:transport-runtime:3.1.4] AndroidManifest.xml:33:13-132
235            android:exported="false" />
235-->[com.google.android.datatransport:transport-runtime:3.1.4] AndroidManifest.xml:34:13-37
236    </application>
237
238</manifest>